<?xml version="1.0" encoding="UTF-8"?>
<!-- Generated by org.testng.reporters.JUnitReportReporter -->
<testsuite skipped="0" hostname="LenovoG580" name="com.google.tests.SampleTest" tests="1" failures="0" timestamp="17 Sep 2017 18:38:15 GMT" time="0.284" errors="0">
  <testcase name="someActionsAndVerifies" time="0.284" classname="com.google.tests.SampleTest"/>
</testsuite> <!-- com.google.tests.SampleTest -->
